2019-05-11 19:17:30 INFO  Log:10 - Test is Starting: Set up driver.
2019-05-11 19:17:33 INFO  Log:18 - Open browser: http://www.google.com
2019-05-11 19:17:33 INFO  Log:18 - Open browser: http://www.google.com
2019-05-11 19:17:34 INFO  Log:18 - Send keys: Automation
2019-05-11 19:17:35 INFO  Log:18 - Send keys: Automation
2019-05-11 19:17:40 INFO  Log:18 - Click on element: With its seamless simplicity and flexibility, Etere playout automation software solutions provide an easy management of your broadcast automation requirements.
2019-05-11 19:17:40 INFO  Log:18 - Assertions test was success. Name: runScenario
2019-05-11 19:18:00 INFO  Log:18 - Assertions test was failed. Name: runScenario
2019-05-11 19:18:00 INFO  Log:14 - Test is Ending: Quit drivers. Size: 2
2019-05-11 19:18:27 INFO  Log:10 - Test is Starting: Set up driver.
2019-05-11 19:18:30 INFO  Log:18 - Open browser: http://www.google.com
2019-05-11 19:18:30 INFO  Log:18 - Open browser: http://www.google.com
2019-05-11 19:18:31 INFO  Log:18 - Send keys: Automation
2019-05-11 19:18:31 INFO  Log:18 - Send keys: Automation
2019-05-11 19:18:36 INFO  Log:18 - Click on element: 
2019-05-11 19:18:36 INFO  Log:18 - Assertions test was success. Name: runScenario
2019-05-11 19:18:58 INFO  Log:18 - Assertions test was failed. Name: runScenario
2019-05-11 19:18:58 INFO  Log:14 - Test is Ending: Quit drivers. Size: 1
2019-05-11 19:21:53 INFO  Log:10 - Test is Starting: Set up driver.
2019-05-11 19:21:56 INFO  Log:18 - Open browser: http://www.google.com
2019-05-11 19:21:56 INFO  Log:18 - Open browser: http://www.google.com
2019-05-11 19:21:58 INFO  Log:18 - Send keys: Automation
2019-05-11 19:21:59 INFO  Log:18 - Send keys: Automation
2019-05-11 19:22:05 INFO  Log:18 - Click on element: With its seamless simplicity and flexibility, Etere playout automation software solutions provide an easy management of your broadcast automation requirements.
2019-05-11 19:22:05 INFO  Log:18 - Assertions test was success. Name: runScenario
2019-05-11 19:22:24 INFO  Log:18 - Assertions test was failed. Name: runScenario
2019-05-11 19:22:24 INFO  Log:14 - Test is Ending: Quit drivers. Size: 1
2019-05-11 19:23:12 INFO  Log:10 - Test is Starting: Set up driver.
2019-05-11 19:23:15 INFO  Log:18 - Open browser: http://www.google.com
2019-05-11 19:23:15 INFO  Log:18 - Open browser: http://www.google.com
2019-05-11 19:23:17 INFO  Log:18 - Send keys: Automation
2019-05-11 19:23:17 INFO  Log:18 - Send keys: Automation
2019-05-11 19:23:25 INFO  Log:18 - Click on element: With its seamless simplicity and flexibility, Etere playout automation software solutions provide an easy management of your broadcast automation requirements.
2019-05-11 19:23:25 INFO  Log:18 - Assertions test was success. Name: runScenario
2019-05-11 19:23:43 INFO  Log:18 - Assertions test was failed. Name: runScenario
2019-05-11 19:23:43 INFO  Log:14 - Test is Ending: Quit drivers. Size: 1
2019-05-11 19:25:07 INFO  Log:10 - Test is Starting: Set up driver.
2019-05-11 19:25:10 INFO  Log:18 - Open browser: http://www.google.com
2019-05-11 19:25:10 INFO  Log:18 - Open browser: http://www.google.com
2019-05-11 19:25:12 INFO  Log:18 - Send keys: Automation
2019-05-11 19:25:12 INFO  Log:18 - Send keys: Automation
2019-05-11 19:25:18 INFO  Log:18 - Click on element: With its seamless simplicity and flexibility, Etere playout automation software solutions provide an easy management of your broadcast automation requirements.
2019-05-11 19:25:18 INFO  Log:18 - Assertions test was success. Name: runScenario
2019-05-11 19:25:38 INFO  Log:18 - Assertions test was failed. Name: runScenario
2019-05-11 19:25:38 INFO  Log:14 - Test is Ending: Quit drivers. Size: 1
2019-05-11 19:31:24 INFO  Log:10 - Test is Starting: Set up driver.
2019-05-11 19:31:27 INFO  Log:18 - Open browser: http://www.google.com
2019-05-11 19:31:27 INFO  Log:18 - Open browser: http://www.google.com
2019-05-11 19:31:28 INFO  Log:18 - Send keys: Automation
2019-05-11 19:31:28 INFO  Log:18 - Send keys: Automation
2019-05-11 19:31:34 INFO  Log:18 - Click on element: With its seamless simplicity and flexibility, Etere playout automation software solutions provide an easy management of your broadcast automation requirements.
2019-05-11 19:31:34 INFO  Log:18 - Assertions test was success. Name: runScenario
2019-05-11 19:31:55 INFO  Log:18 - Assertions test was failed. Name: runScenario
2019-05-11 19:32:27 INFO  Log:10 - Test is Starting: Set up driver.
2019-05-11 19:32:30 INFO  Log:18 - Driver 1: 1
2019-05-11 19:32:30 INFO  Log:18 - Driver 1: 2
2019-05-11 19:32:30 INFO  Log:18 - Open browser: http://www.google.com
2019-05-11 19:32:30 INFO  Log:18 - Open browser: http://www.google.com
2019-05-11 19:32:32 INFO  Log:18 - Send keys: Automation
2019-05-11 19:32:33 INFO  Log:18 - Send keys: Automation
2019-05-11 19:32:38 INFO  Log:18 - Click on element: With its seamless simplicity and flexibility, Etere playout automation software solutions provide an easy management of your broadcast automation requirements.
2019-05-11 19:32:38 INFO  Log:18 - Assertions test was success. Name: runScenario
2019-05-11 19:32:59 INFO  Log:18 - Assertions test was failed. Name: runScenario
2019-05-11 19:32:59 INFO  Log:18 - Driver 2: 2
2019-05-11 19:33:25 INFO  Log:10 - Test is Starting: Set up driver.
2019-05-11 19:33:27 INFO  Log:18 - Driver 1: 1
2019-05-11 19:33:27 INFO  Log:18 - Driver 1: 2
2019-05-11 19:33:28 INFO  Log:18 - Open browser: http://www.google.com
2019-05-11 19:33:28 INFO  Log:18 - Open browser: http://www.google.com
2019-05-11 19:33:29 INFO  Log:18 - Send keys: Automation
2019-05-11 19:33:29 INFO  Log:18 - Send keys: Automation
2019-05-11 19:33:31 INFO  Log:18 - Link on pages was found: https://www.automationgame.com/
2019-05-11 19:33:31 INFO  Log:18 - Assertions test was success. Name: runScenario
2019-05-11 19:33:35 INFO  Log:18 - Click on element: With its seamless simplicity and flexibility, Etere playout automation software solutions provide an easy management of your broadcast automation requirements.
2019-05-11 19:33:35 INFO  Log:18 - Assertions test was success. Name: runScenario
2019-05-11 19:33:35 INFO  Log:18 - Driver 2: 2
2019-05-11 19:33:42 INFO  Log:10 - Test is Starting: Set up driver.
2019-05-11 19:33:45 INFO  Log:18 - Driver 1: 2
2019-05-11 19:33:45 INFO  Log:18 - Driver 1: 1
2019-05-11 19:33:45 INFO  Log:18 - Open browser: http://www.google.com
2019-05-11 19:33:45 INFO  Log:18 - Open browser: http://www.google.com
2019-05-11 19:33:47 INFO  Log:18 - Send keys: Automation
2019-05-11 19:33:47 INFO  Log:18 - Send keys: Automation
2019-05-11 19:33:53 INFO  Log:18 - Click on element: With its seamless simplicity and flexibility, Etere playout automation software solutions provide an easy management of your broadcast automation requirements.
2019-05-11 19:33:53 INFO  Log:18 - Assertions test was success. Name: runScenario
2019-05-11 19:34:13 INFO  Log:18 - Assertions test was failed. Name: runScenario
2019-05-11 19:34:13 INFO  Log:18 - Driver 2: 2
2019-05-11 19:36:19 INFO  Log:10 - Test is Starting: Set up driver.
2019-05-11 19:36:22 INFO  Log:18 - Driver 1: 1
2019-05-11 19:36:22 INFO  Log:18 - Driver 1: 1
2019-05-11 19:36:22 INFO  Log:18 - Open browser: http://www.google.com
2019-05-11 19:36:22 INFO  Log:18 - Open browser: http://www.google.com
2019-05-11 19:36:24 INFO  Log:18 - Send keys: Automation
2019-05-11 19:36:25 INFO  Log:18 - Send keys: Automation
2019-05-11 19:36:26 INFO  Log:18 - Link on pages was found: https://www.automationgame.com/
2019-05-11 19:36:26 INFO  Log:18 - Assertions test was success. Name: runScenario
2019-05-11 19:36:29 INFO  Log:18 - Click on element: With its seamless simplicity and flexibility, Etere playout automation software solutions provide an easy management of your broadcast automation requirements.
2019-05-11 19:36:29 INFO  Log:18 - Assertions test was success. Name: runScenario
2019-05-11 19:36:29 INFO  Log:18 - Driver 2: 1
2019-05-11 19:37:16 INFO  Log:10 - Test is Starting: Set up driver.
2019-05-11 19:37:19 INFO  Log:18 - Driver 1: 1
2019-05-11 19:37:19 INFO  Log:18 - Driver 1: 2
2019-05-11 19:37:19 INFO  Log:18 - Open browser: http://www.google.com
2019-05-11 19:37:19 INFO  Log:18 - Open browser: http://www.google.com
2019-05-11 19:37:21 INFO  Log:18 - Send keys: Automation
2019-05-11 19:37:21 INFO  Log:18 - Send keys: Automation
2019-05-11 19:37:23 INFO  Log:18 - Link on pages was found: https://www.automationgame.com/
2019-05-11 19:37:23 INFO  Log:18 - Assertions test was success. Name: runScenario
2019-05-11 19:37:27 INFO  Log:18 - Click on element: With its seamless simplicity and flexibility, Etere playout automation software solutions provide an easy management of your broadcast automation requirements.
2019-05-11 19:37:27 INFO  Log:18 - Assertions test was success. Name: runScenario
2019-05-11 19:37:27 INFO  Log:18 - Driver 2: 2
2019-05-11 19:38:28 INFO  Log:10 - Test is Starting: Set up driver.
2019-05-11 19:38:30 INFO  Log:18 - Driver 1: 1
2019-05-11 19:38:30 INFO  Log:18 - Driver 1: 2
2019-05-11 19:38:31 INFO  Log:18 - Open browser: http://www.google.com
2019-05-11 19:38:31 INFO  Log:18 - Open browser: http://www.google.com
2019-05-11 19:38:32 INFO  Log:18 - Send keys: Automation
2019-05-11 19:38:32 INFO  Log:18 - Send keys: Automation
2019-05-11 19:38:34 INFO  Log:18 - Link on pages was found: https://www.automationgame.com/
2019-05-11 19:38:34 INFO  Log:18 - Assertions test was success. Name: runScenario
2019-05-11 19:38:40 INFO  Log:18 - Click on element: With its seamless simplicity and flexibility, Etere playout automation software solutions provide an easy management of your broadcast automation requirements.
2019-05-11 19:38:40 INFO  Log:18 - Assertions test was success. Name: runScenario
2019-05-11 19:38:40 INFO  Log:18 - Driver 2: 2
2019-05-11 19:38:54 INFO  Log:10 - Test is Starting: Set up driver.
2019-05-11 19:38:57 INFO  Log:18 - Driver 1: 1
2019-05-11 19:38:57 INFO  Log:18 - Driver 1: 2
2019-05-11 19:38:57 INFO  Log:18 - Open browser: http://www.google.com
2019-05-11 19:38:57 INFO  Log:18 - Open browser: http://www.google.com
2019-05-11 19:38:59 INFO  Log:18 - Send keys: Automation
2019-05-11 19:38:59 INFO  Log:18 - Send keys: Automation
2019-05-11 19:39:04 INFO  Log:18 - Click on element: With its seamless simplicity and flexibility, Etere playout automation software solutions provide an easy management of your broadcast automation requirements.
2019-05-11 19:39:04 INFO  Log:18 - Assertions test was success. Name: runScenario
2019-05-11 19:39:25 INFO  Log:18 - Assertions test was failed. Name: runScenario
2019-05-11 19:39:25 INFO  Log:18 - Driver 2: 2
2019-05-11 19:39:40 INFO  Log:10 - Test is Starting: Set up driver.
2019-05-11 19:39:42 INFO  Log:18 - Driver 1: 1
2019-05-11 19:39:42 INFO  Log:18 - Driver 1: 2
2019-05-11 19:39:43 INFO  Log:18 - Open browser: http://www.google.com
2019-05-11 19:39:43 INFO  Log:18 - Open browser: http://www.google.com
2019-05-11 19:39:44 INFO  Log:18 - Send keys: Automation
2019-05-11 19:39:44 INFO  Log:18 - Send keys: Automation
2019-05-11 19:39:47 INFO  Log:18 - Link on pages was found: https://www.automationgame.com/
2019-05-11 19:39:47 INFO  Log:18 - Assertions test was success. Name: runScenario
2019-05-11 19:39:50 INFO  Log:18 - Click on element: With its seamless simplicity and flexibility, Etere playout automation software solutions provide an easy management of your broadcast automation requirements.
2019-05-11 19:39:50 INFO  Log:18 - Assertions test was success. Name: runScenario
2019-05-11 19:39:50 INFO  Log:18 - Driver 2: 2
2019-05-11 19:40:56 INFO  Log:10 - Test is Starting: Set up driver.
2019-05-11 19:40:59 INFO  Log:18 - Driver 1: 1
2019-05-11 19:40:59 INFO  Log:18 - Driver 1: 2
2019-05-11 19:40:59 INFO  Log:18 - Open browser: http://www.google.com
2019-05-11 19:40:59 INFO  Log:18 - Open browser: http://www.google.com
2019-05-11 19:41:01 INFO  Log:18 - Send keys: Automation
2019-05-11 19:41:01 INFO  Log:18 - Send keys: Automation
2019-05-11 19:41:03 INFO  Log:18 - Link on pages was found: https://www.automationgame.com/
2019-05-11 19:41:03 INFO  Log:18 - Assertions test was success. Name: runScenario
2019-05-11 19:41:07 INFO  Log:18 - Click on element: With its seamless simplicity and flexibility, Etere playout automation software solutions provide an easy management of your broadcast automation requirements.
2019-05-11 19:41:07 INFO  Log:18 - Assertions test was success. Name: runScenario
2019-05-11 19:41:07 INFO  Log:18 - Driver 2: 2
2019-05-11 19:41:40 INFO  Log:10 - Test is Starting: Set up driver.
2019-05-11 19:41:43 INFO  Log:18 - Driver 1: 1
2019-05-11 19:41:43 INFO  Log:18 - Driver 1: 2
2019-05-11 19:41:43 INFO  Log:18 - Open browser: http://www.google.com
2019-05-11 19:41:43 INFO  Log:18 - Open browser: http://www.google.com
2019-05-11 19:41:45 INFO  Log:18 - Send keys: Automation
2019-05-11 19:41:45 INFO  Log:18 - Send keys: Automation
2019-05-11 19:41:50 INFO  Log:18 - Click on element: With its seamless simplicity and flexibility, Etere playout automation software solutions provide an easy management of your broadcast automation requirements.
2019-05-11 19:41:50 INFO  Log:18 - Assertions test was success. Name: runScenario
2019-05-11 19:42:12 INFO  Log:18 - Assertions test was failed. Name: runScenario
2019-05-11 19:42:12 INFO  Log:18 - Driver 2: 2
2019-05-11 22:02:15 INFO  Log:10 - Test is Starting: Set up driver.
2019-05-11 22:02:18 INFO  Log:18 - Driver 1: 1
2019-05-11 22:02:18 INFO  Log:18 - Driver 1: 1
2019-05-11 22:02:18 INFO  Log:18 - Open browser: http://www.google.com
2019-05-11 22:02:18 INFO  Log:18 - Open browser: http://www.google.com
2019-05-11 22:02:22 INFO  Log:18 - Send keys: Automation
2019-05-11 22:02:22 INFO  Log:18 - Send keys: Automation
2019-05-11 22:02:32 INFO  Log:18 - Click on element: With its seamless simplicity and flexibility, Etere playout automation software solutions provide an easy management of your broadcast automation requirements.
2019-05-11 22:02:32 INFO  Log:18 - Assertions test was success. Name: runScenario
2019-05-11 22:02:51 INFO  Log:18 - Assertions test was failed. Name: runScenario
2019-05-11 22:02:51 INFO  Log:18 - Driver 2: 1
2019-05-11 22:16:38 INFO  Log:10 - Test is Starting: Set up driver.
2019-05-11 22:16:41 INFO  Log:18 - Open browser: http://www.google.com
2019-05-11 22:16:41 INFO  Log:18 - Open browser: http://www.google.com
2019-05-11 22:16:42 INFO  Log:18 - Send keys: Automation
2019-05-11 22:16:42 INFO  Log:18 - Send keys: Automation
2019-05-11 22:16:44 INFO  Log:18 - Link on pages was found: https://www.automationgame.com/
2019-05-11 22:16:44 INFO  Log:18 - Assertions test was failed. Name: runScenario
2019-05-11 22:16:48 INFO  Log:18 - Click on element: With its seamless simplicity and flexibility, Etere playout automation software solutions provide an easy management of your broadcast automation requirements.
2019-05-11 22:16:48 INFO  Log:18 - Assertions test was failed. Name: runScenario
2019-05-11 22:18:51 INFO  Log:10 - Test is Starting: Set up driver.
2019-05-11 22:18:54 INFO  Log:18 - Open browser: http://www.google.com
2019-05-11 22:18:54 INFO  Log:18 - Open browser: http://www.google.com
2019-05-11 22:18:56 INFO  Log:18 - Send keys: Automation
2019-05-11 22:18:56 INFO  Log:18 - Send keys: Automation
2019-05-11 22:18:57 INFO  Log:18 - Link on pages was found: https://www.automationgame.com/
2019-05-11 22:18:57 INFO  Log:18 - Assertions test was success. Name: runScenario
2019-05-11 22:19:01 INFO  Log:18 - Click on element: With its seamless simplicity and flexibility, Etere playout automation software solutions provide an easy management of your broadcast automation requirements.
2019-05-11 22:19:01 INFO  Log:18 - Assertions test was success. Name: runScenario
2019-05-11 22:19:22 INFO  Log:10 - Test is Starting: Set up driver.
2019-05-11 22:19:25 INFO  Log:18 - Open browser: http://www.google.com
2019-05-11 22:19:25 INFO  Log:18 - Open browser: http://www.google.com
2019-05-11 22:19:26 INFO  Log:18 - Send keys: Automation
2019-05-11 22:19:26 INFO  Log:18 - Send keys: Automation
2019-05-11 22:19:29 INFO  Log:18 - Click on element: Discrete control (on/off)[edit]
2019-05-11 22:19:30 INFO  Log:18 - Assertions test was success. Name: runScenario
2019-05-11 22:19:54 INFO  Log:18 - Screenshot was taken.
2019-05-11 22:19:54 INFO  Log:18 - Assertions test was failed. Name: runScenario
2019-05-11 22:20:48 INFO  Log:10 - Test is Starting: Set up driver.
2019-05-11 22:20:51 INFO  Log:18 - Open browser: http://www.google.com
2019-05-11 22:20:51 INFO  Log:18 - Open browser: http://www.google.com
2019-05-11 22:20:52 INFO  Log:18 - Send keys: Automation
2019-05-11 22:20:53 INFO  Log:18 - Send keys: Automation
2019-05-11 22:20:54 INFO  Log:18 - Link on pages was found: https://www.automationgame.com/
2019-05-11 22:20:54 INFO  Log:18 - Assertions test was success. Name: runScenario
2019-05-11 22:20:58 INFO  Log:18 - Click on element: With its seamless simplicity and flexibility, Etere playout automation software solutions provide an easy management of your broadcast automation requirements.
2019-05-11 22:20:58 INFO  Log:18 - Assertions test was success. Name: runScenario
2019-05-11 22:22:43 INFO  Log:10 - Test is Starting: Set up driver.
2019-05-11 22:22:46 INFO  Log:18 - Open browser: http://www.google.com
2019-05-11 22:22:46 INFO  Log:18 - Open browser: http://www.google.com
2019-05-11 22:22:47 INFO  Log:18 - Send keys: Automation
2019-05-11 22:22:48 INFO  Log:18 - Send keys: Automation
2019-05-11 22:22:49 INFO  Log:18 - Link on pages was found: https://www.automationgame.com/
2019-05-11 22:22:49 INFO  Log:18 - Assertions test was success. Name: runScenario
2019-05-11 22:22:58 INFO  Log:18 - Click on element: With its seamless simplicity and flexibility, Etere playout automation software solutions provide an easy management of your broadcast automation requirements.
2019-05-11 22:22:58 INFO  Log:18 - Assertions test was success. Name: runScenario
2019-05-11 22:23:14 INFO  Log:10 - Test is Starting: Set up driver.
2019-05-11 22:23:17 INFO  Log:18 - Open browser: http://www.google.com
2019-05-11 22:23:17 INFO  Log:18 - Open browser: http://www.google.com
2019-05-11 22:23:19 INFO  Log:18 - Send keys: Automation
2019-05-11 22:23:19 INFO  Log:18 - Send keys: Automation
2019-05-11 22:23:20 INFO  Log:18 - Link on pages was found: https://www.automationgame.com/
2019-05-11 22:23:20 INFO  Log:18 - Assertions test was success. Name: runScenario
2019-05-11 22:23:28 INFO  Log:18 - Click on element: With its seamless simplicity and flexibility, Etere playout automation software solutions provide an easy management of your broadcast automation requirements.
2019-05-11 22:23:28 INFO  Log:18 - Assertions test was success. Name: runScenario
2019-05-11 22:24:00 INFO  Log:10 - Test is Starting: Set up driver.
2019-05-11 22:24:03 INFO  Log:18 - Open browser: http://www.google.com
2019-05-11 22:24:03 INFO  Log:18 - Open browser: http://www.google.com
2019-05-11 22:24:04 INFO  Log:18 - Send keys: Automation
2019-05-11 22:24:04 INFO  Log:18 - Send keys: Automation
2019-05-11 22:24:06 INFO  Log:18 - Link on pages was found: https://www.automationgame.com/
2019-05-11 22:24:06 INFO  Log:18 - Assertions test was success. Name: runScenario
2019-05-11 22:24:10 INFO  Log:18 - Click on element: With its seamless simplicity and flexibility, Etere playout automation software solutions provide an easy management of your broadcast automation requirements.
2019-05-11 22:24:10 INFO  Log:18 - Assertions test was success. Name: runScenario
2019-05-11 22:24:27 INFO  Log:10 - Test is Starting: Set up driver.
2019-05-11 22:24:29 INFO  Log:18 - Open browser: http://www.google.com
2019-05-11 22:24:30 INFO  Log:18 - Send keys: Automation
2019-05-11 22:24:39 INFO  Log:18 - Click on element: With its seamless simplicity and flexibility, Etere playout automation software solutions provide an easy management of your broadcast automation requirements.
2019-05-11 22:24:39 INFO  Log:18 - Assertions test was success. Name: runScenario
2019-05-11 22:24:41 INFO  Log:18 - Open browser: http://www.google.com
2019-05-11 22:24:43 INFO  Log:18 - Send keys: Automation
2019-05-11 22:24:44 INFO  Log:18 - Link on pages was found: https://www.automationgame.com/
2019-05-11 22:24:44 INFO  Log:18 - Assertions test was success. Name: runScenario
2019-05-11 22:27:50 INFO  Log:10 - Test is Starting: Set up driver.
2019-05-11 22:27:53 INFO  Log:18 - Open browser: http://www.google.com
2019-05-11 22:27:53 INFO  Log:18 - Open browser: http://www.google.com
2019-05-11 22:27:54 INFO  Log:18 - Send keys: Automation
2019-05-11 22:27:55 INFO  Log:18 - Send keys: Automation
2019-05-11 22:27:56 INFO  Log:18 - Link on pages was found: https://www.automationgame.com/
2019-05-11 22:27:56 INFO  Log:18 - Assertions test was success. Name: runScenario
2019-05-11 22:28:00 INFO  Log:18 - Click on element: With its seamless simplicity and flexibility, Etere playout automation software solutions provide an easy management of your broadcast automation requirements.
2019-05-11 22:28:00 INFO  Log:18 - Assertions test was success. Name: runScenario
2019-05-11 22:28:10 INFO  Log:10 - Test is Starting: Set up driver.
2019-05-11 22:28:13 INFO  Log:18 - Open browser: http://www.google.com
2019-05-11 22:28:13 INFO  Log:18 - Open browser: http://www.google.com
2019-05-11 22:28:14 INFO  Log:18 - Send keys: Automation
2019-05-11 22:28:15 INFO  Log:18 - Send keys: Automation
2019-05-11 22:28:16 INFO  Log:18 - Link on pages was found: https://www.automationgame.com/
2019-05-11 22:28:16 INFO  Log:18 - Assertions test was success. Name: runScenario
2019-05-11 22:28:22 INFO  Log:18 - Click on element: With its seamless simplicity and flexibility, Etere playout automation software solutions provide an easy management of your broadcast automation requirements.
2019-05-11 22:28:22 INFO  Log:18 - Assertions test was success. Name: runScenario
2019-05-11 22:28:39 INFO  Log:10 - Test is Starting: Set up driver.
2019-05-11 22:28:41 INFO  Log:18 - Open browser: http://www.google.com
2019-05-11 22:28:41 INFO  Log:18 - Open browser: http://www.google.com
2019-05-11 22:28:43 INFO  Log:18 - Send keys: Automation
2019-05-11 22:28:43 INFO  Log:18 - Send keys: Automation
2019-05-11 22:28:45 INFO  Log:18 - Link on pages was found: https://www.automationgame.com/
2019-05-11 22:28:45 INFO  Log:18 - Assertions test was success. Name: runScenario
2019-05-11 22:28:49 INFO  Log:18 - Click on element: With its seamless simplicity and flexibility, Etere playout automation software solutions provide an easy management of your broadcast automation requirements.
2019-05-11 22:28:49 INFO  Log:18 - Assertions test was success. Name: runScenario
2019-05-11 22:32:25 INFO  Log:10 - Test is Starting: Set up driver.
2019-05-11 22:32:29 INFO  Log:18 - Open browser: http://www.google.com
2019-05-11 22:32:29 INFO  Log:18 - Open browser: http://www.google.com
2019-05-11 22:32:30 INFO  Log:18 - Send keys: Automation
2019-05-11 22:32:30 INFO  Log:18 - Send keys: Automation
2019-05-11 22:32:32 INFO  Log:18 - Link on pages was found: https://www.automationgame.com/
2019-05-11 22:32:32 INFO  Log:18 - Assertions test was success. Name: runScenario
2019-05-11 22:32:40 INFO  Log:18 - Click on element: With its seamless simplicity and flexibility, Etere playout automation software solutions provide an easy management of your broadcast automation requirements.
2019-05-11 22:32:40 INFO  Log:18 - Assertions test was success. Name: runScenario
2019-05-11 22:32:49 INFO  Log:10 - Test is Starting: Set up driver.
2019-05-11 22:32:52 INFO  Log:18 - Open browser: http://www.google.com
2019-05-11 22:32:52 INFO  Log:18 - Open browser: http://www.google.com
2019-05-11 22:32:53 INFO  Log:18 - Send keys: Automation
2019-05-11 22:32:54 INFO  Log:18 - Send keys: Automation
2019-05-11 22:32:55 INFO  Log:18 - Link on pages was found: https://www.automationgame.com/
2019-05-11 22:32:55 INFO  Log:18 - Assertions test was success. Name: runScenario
2019-05-11 22:33:02 INFO  Log:18 - Click on element: With its seamless simplicity and flexibility, Etere playout automation software solutions provide an easy management of your broadcast automation requirements.
2019-05-11 22:33:02 INFO  Log:18 - Assertions test was success. Name: runScenario
2019-05-11 22:35:06 INFO  Log:10 - Test is Starting: Set up driver.
2019-05-11 22:35:09 INFO  Log:18 - Open browser: http://www.google.com
2019-05-11 22:35:09 INFO  Log:18 - Open browser: http://www.google.com
2019-05-11 22:35:10 INFO  Log:18 - Send keys: Automation
2019-05-11 22:35:10 INFO  Log:18 - Send keys: Automation
2019-05-11 22:35:17 INFO  Log:18 - Click on element: With its seamless simplicity and flexibility, Etere playout automation software solutions provide an easy management of your broadcast automation requirements.
2019-05-11 22:35:17 INFO  Log:18 - Assertions test was success. Name: runScenario
2019-05-11 22:35:37 INFO  Log:18 - Screenshot was taken.
2019-05-11 22:35:37 INFO  Log:18 - Assertions test was failed. Name: runScenario
2019-05-11 22:38:47 INFO  Log:10 - Test is Starting: Set up driver.
2019-05-11 22:38:50 INFO  Log:18 - Open browser: http://www.google.com
2019-05-11 22:38:50 INFO  Log:18 - Open browser: http://www.google.com
2019-05-11 22:38:52 INFO  Log:18 - Send keys: Automation
2019-05-11 22:38:52 INFO  Log:18 - Send keys: Automation
2019-05-11 22:38:53 INFO  Log:18 - Link on pages was found: https://www.automationgame.com/
2019-05-11 22:38:53 INFO  Log:18 - Assertions test was success. Name: runScenario
2019-05-11 22:39:00 INFO  Log:18 - Click on element: With its seamless simplicity and flexibility, Etere playout automation software solutions provide an easy management of your broadcast automation requirements.
2019-05-11 22:39:00 INFO  Log:18 - Assertions test was success. Name: runScenario
2019-05-11 22:39:00 INFO  Log:10 - Test is Starting: Quit drivers.
